[BOT] update_id=170466019 key=message chat_id=444564268 type=private title=Tmdvlpr
[BOT] update_id=170466020 key=message chat_id=444564268 type=private title=Tmdvlpr
[BOT] update_id=170466020 key=message chat_id=444564268 type=private title=Tmdvlpr
[BOT] update_id=170466021 key=message chat_id=63110743 type=private title=Timdvlpr
[BOT] update_id=170466021 key=message chat_id=63110743 type=private title=Timdvlpr
[BOT] update_id=170466022 key=message chat_id=103292869 type=private title=tardigradi
[BOT] update_id=170466022 key=message chat_id=103292869 type=private title=tardigradi
[BOT] update_id=170466024 key=message chat_id=63110743 type=private title=Timdvlpr
[BOT] update_id=170466025 key=message chat_id=63110743 type=private title=Timdvlpr
[BOT] update_id=170466028 key=my_chat_member chat_id=103292869 type=private title=tardigradi
[BOT] update_id=170466029 key=message chat_id=103292869 type=private title=tardigradi
[BOT] update_id=170466031 key=message chat_id=444564268 type=private title=Tmdvlpr
[BOT] update_id=170466031 key=message chat_id=444564268 type=private title=Tmdvlpr
[BOT] update_id=170466031 key=message chat_id=444564268 type=private title=Tmdvlpr
[BOT] update_id=170466031 key=message chat_id=444564268 type=private title=Tmdvlpr
[BOT] update_id=170466032 key=message chat_id=63110743 type=private title=Timdvlpr
[BOT] update_id=170466032 key=message chat_id=63110743 type=private title=Timdvlpr
[BOT] update_id=170466032 key=message chat_id=63110743 type=private title=Timdvlpr
[BOT] update_id=170466032 key=message chat_id=63110743 type=private title=Timdvlpr
[BOT] update_id=170466033 key=message chat_id=63110743 type=private title=Timdvlpr
[BOT] update_id=170466033 key=message chat_id=63110743 type=private title=Timdvlpr
[BOT] update_id=170466033 key=message chat_id=63110743 type=private title=Timdvlpr
[BOT] update_id=170466033 key=message chat_id=63110743 type=private title=Timdvlpr
[BOT] update_id=170466034 key=message chat_id=2528316 type=private title=samorukov
[BOT] update_id=170466035 key=message chat_id=444564268 type=private title=Tmdvlpr
